[ 2017-07-18T09:59:46+08:00 ] 127.0.0.1 /index.php/runtime
INFO: [ app_init ] --START--
INFO: Run Behavior\BuildLiteBehavior [ RunTime:0.000000s ]
INFO: [ app_init ] --END-- [ RunTime:0.000000s ]
ERR: 无法加载模块:Runtime

[ 2017-07-18T10:02:38+08:00 ] 127.0.0.1 /index.php/runtime
INFO: [ app_init ] --START--
INFO: Run Behavior\BuildLiteBehavior [ RunTime:0.000000s ]
INFO: [ app_init ] --END-- [ RunTime:0.000000s ]
ERR: 无法加载模块:Runtime

[ 2017-07-18T10:03:36+08:00 ] 127.0.0.1 /index.php/runtime/logs/admin/17-07-18.log
INFO: [ app_init ] --START--
INFO: Run Behavior\BuildLiteBehavior [ RunTime:0.000000s ]
INFO: [ app_init ] --END-- [ RunTime:0.000000s ]
ERR: 无法加载模块:Runtime

[ 2017-07-18T10:04:40+08:00 ] 127.0.0.1 /index.php/runtime/logs/admin/17-07-18.log
INFO: [ app_init ] --START--
INFO: Run Behavior\BuildLiteBehavior [ RunTime:0.000000s ]
INFO: [ app_init ] --END-- [ RunTime:0.000000s ]
ERR: 无法加载模块:Runtime

